<?xml version="1.0" encoding="UTF-8"?>
<!-- Generated by org.testng.reporters.JUnitReportReporter -->
<testsuite skipped="0" hostname="emins-mbp.lan" name="homework.WebElements" tests="1" failures="0" timestamp="27 Jun 2018 07:35:07 GMT" time="3.834" errors="0">
  <testcase name="homework" time="3.834" classname="homework.WebElements"/>
</testsuite> <!-- homework.WebElements -->
